<?xml version="1.0" encoding="UTF-8"?>
<testsuite xmlns:xsi="http://www.w3.org/2001/XMLSchema-instance" xsi:noNamespaceSchemaLocation="https://maven.apache.org/surefire/maven-surefire-plugin/xsd/surefire-test-report-3.0.xsd" version="3.0" name="co.edu.uniquindio.poo.AppTest" time="0.214" tests="9" errors="0" skipped="0" failures="1">
  <properties>
[...]
</properties>
  <testcase name="testAnimalGetters" classname="co.edu.uniquindio.poo.AppTest" time="0.089"/>
  <testcase name="testAguilaToString" classname="co.edu.uniquindio.poo.AppTest" time="0.024"/>
  <testcase name="testDueñoAgregarMascota" classname="co.edu.uniquindio.poo.AppTest" time="0.002"/>
  <testcase name="testDueñoToString" classname="co.edu.uniquindio.poo.AppTest" time="0.006"/>
  <testcase name="testPerroToString" classname="co.edu.uniquindio.poo.AppTest" time="0.014">
    <failure message="expected: &lt;&#10; PERROS &#10;&#10; Nombre: Pepe&#10; Raza: mestizo&#10; Edad: 1&#10; Peso: 15.5 &#10;Acciones:COMER&gt; but was: &lt;&#10; PERROS &#10;&#10; Nombre: Pepe&#10; Raza: mestizo&#10; Edad: 1&#10; Peso: 15.5&gt;" type="org.opentest4j.AssertionFailedError"><![CDATA[org.opentest4j.AssertionFailedError: 
expected: <
 PERROS 

 Nombre: Pepe
 Raza: mestizo
 Edad: 1
 Peso: 15.5 
Acciones:COMER> but was: <
 PERROS 

 Nombre: Pepe
 Raza: mestizo
 Edad: 1
 Peso: 15.5>
	at org.junit.jupiter.api.AssertionFailureBuilder.build(AssertionFailureBuilder.java:151)
	at org.junit.jupiter.api.AssertionFailureBuilder.buildAndThrow(AssertionFailureBuilder.java:132)
	at org.junit.jupiter.api.AssertEquals.failNotEqual(AssertEquals.java:197)
	at org.junit.jupiter.api.AssertEquals.assertEquals(AssertEquals.java:182)
	at org.junit.jupiter.api.AssertEquals.assertEquals(AssertEquals.java:177)
	at org.junit.jupiter.api.Assertions.assertEquals(Assertions.java:1141)
	at co.edu.uniquindio.poo.AppTest.testPerroToString(AppTest.java:44)
	at java.base/java.lang.reflect.Method.invoke(Method.java:580)
	at java.base/java.util.ArrayList.forEach(ArrayList.java:1596)
	at java.base/java.util.ArrayList.forEach(ArrayList.java:1596)
]]></failure>
  </testcase>
  <testcase name="testVeterinariaToString" classname="co.edu.uniquindio.poo.AppTest" time="0.007"/>
  <testcase name="testCanarioToString" classname="co.edu.uniquindio.poo.AppTest" time="0.003"/>
  <testcase name="testGatoToString" classname="co.edu.uniquindio.poo.AppTest" time="0.003"/>
  <testcase name="testLeonToString" classname="co.edu.uniquindio.poo.AppTest" time="0.003"/>
</testsuite>